<?xml version="1.0" encoding="UTF-8"?>
<!-- Generated by org.testng.reporters.JUnitXMLReporter -->
<testsuite ignored="0" hostname="DESKTOP-LH36UL1" failures="0" tests="17" name="Test" time="55.002" errors="0" timestamp="2024-07-14T12:01:23 IST">
  <testcase classname="com.steps.files.PetstoreTestScripts" name="open_the_Chrome_browser" time="14.57"/>
  <testcase classname="com.steps.files.PetstoreTestScripts" name="launch_petstore_url" time="2.4"/>
  <testcase classname="com.steps.files.PetstoreTestScripts" name="click_on_sign_in_menu" time="0.957"/>
  <testcase classname="com.steps.files.PetstoreTestScripts" name="enter_Petstore_username" time="0.553"/>
  <testcase classname="com.steps.files.PetstoreTestScripts" name="enter_Petstore_password" time="0.009"/>
  <testcase classname="com.steps.files.PetstoreTestScripts" name="click_on_Petstore_login_button" time="1.211"/>
  <testcase classname="com.steps.files.PetstoreTestScripts" name="validate_user_redirects_to_the_catalog_page" time="0.572"/>
  <testcase classname="com.steps.files.PetstoreTestScripts" name="click_on_the_pet_item" time="1.005"/>
  <testcase classname="com.steps.files.PetstoreTestScripts" name="click_on_the_product_id" time="0.885"/>
  <testcase classname="com.steps.files.PetstoreTestScripts" name="click_on_add_to_cart" time="1.475"/>
  <testcase classname="com.steps.files.PetstoreTestScripts" name="click_on_proceed_to_checkout" time="1.667"/>
  <testcase classname="com.steps.files.PetstoreTestScripts" name="click_on_ship_to_different_address" time="1.559"/>
  <testcase classname="com.steps.files.PetstoreTestScripts" name="click_on_customer_details_continue_button" time="1.308"/>
  <testcase classname="com.steps.files.PetstoreTestScripts" name="user_enter_customer_details" time="14.244"/>
  <testcase classname="com.steps.files.PetstoreTestScripts" name="click_on_shipping_address_continue_button" time="1.395"/>
  <testcase classname="com.steps.files.PetstoreTestScripts" name="click_on_confirm_button" time="1.898"/>
  <testcase classname="com.steps.files.PetstoreTestScripts" name="validate_order_id_generated" time="1.272"/>
</testsuite> <!-- Test -->
