<?xml version="1.0" encoding="UTF-8"?>
<!-- Generated by org.testng.reporters.JUnitXMLReporter -->
<testsuite ignored="0" hostname="DESKTOP-LH36UL1" failures="0" tests="17" name="Test" time="330.2" errors="0" timestamp="2024-07-14T12:20:28 IST">
  <testcase classname="com.steps.files.PetstoreTestScripts" name="open_the_Chrome_browser" time="62.911"/>
  <testcase classname="com.steps.files.PetstoreTestScripts" name="launch_petstore_url" time="11.512"/>
  <testcase classname="com.steps.files.PetstoreTestScripts" name="click_on_sign_in_menu" time="3.671"/>
  <testcase classname="com.steps.files.PetstoreTestScripts" name="enter_Petstore_username" time="2.466"/>
  <testcase classname="com.steps.files.PetstoreTestScripts" name="enter_Petstore_password" time="0.001"/>
  <testcase classname="com.steps.files.PetstoreTestScripts" name="click_on_Petstore_login_button" time="4.355"/>
  <testcase classname="com.steps.files.PetstoreTestScripts" name="validate_user_redirects_to_the_catalog_page" time="1.142"/>
  <testcase classname="com.steps.files.PetstoreTestScripts" name="click_on_the_pet_item" time="4.148"/>
  <testcase classname="com.steps.files.PetstoreTestScripts" name="click_on_the_product_id" time="4.059"/>
  <testcase classname="com.steps.files.PetstoreTestScripts" name="click_on_add_to_cart" time="4.94"/>
  <testcase classname="com.steps.files.PetstoreTestScripts" name="click_on_proceed_to_checkout" time="8.46"/>
  <testcase classname="com.steps.files.PetstoreTestScripts" name="click_on_ship_to_different_address" time="1.741"/>
  <testcase classname="com.steps.files.PetstoreTestScripts" name="click_on_customer_details_continue_button" time="3.657"/>
  <testcase classname="com.steps.files.PetstoreTestScripts" name="user_enter_customer_details" time="152.665"/>
  <testcase classname="com.steps.files.PetstoreTestScripts" name="click_on_shipping_address_continue_button" time="5.812"/>
  <testcase classname="com.steps.files.PetstoreTestScripts" name="click_on_confirm_button" time="8.506"/>
  <testcase classname="com.steps.files.PetstoreTestScripts" name="validate_order_id_generated" time="13.304"/>
</testsuite> <!-- Test -->
