<?xml version="1.0" encoding="UTF-8"?>
<testng-results ignored="0" total="17" passed="17" failed="0" skipped="0">
  <reporter-output>
  </reporter-output>
  <suite started-at="2024-07-14T12:14:54 IST" name="Suite" finished-at="2024-07-14T12:20:24 IST" duration-ms="330200">
    <groups>
    </groups>
    <test started-at="2024-07-14T12:14:54 IST" name="Test" finished-at="2024-07-14T12:20:24 IST" duration-ms="330200">
      <class name="com.steps.files.PetstoreTestScripts">
        <test-method is-config="true" signature="report()[pri:0, instance:com.steps.files.PetstoreTestScripts@c05fddc]" started-at="2024-07-14T12:14:43 IST" name="report" finished-at="2024-07-14T12:14:54 IST" duration-ms="10972" status="PASS">
          <reporter-output>
          </reporter-output>
        </test-method> <!-- report -->
        <test-method signature="open_the_Chrome_browser()[pri:1, instance:com.steps.files.PetstoreTestScripts@c05fddc]" started-at="2024-07-14T12:14:56 IST" name="open_the_Chrome_browser" description="Browser opening" finished-at="2024-07-14T12:15:59 IST" duration-ms="62911" status="PASS">
          <reporter-output>
          </reporter-output>
        </test-method> <!-- open_the_Chrome_browser -->
        <test-method is-config="true" signature="stopReport()[pri:0, instance:com.steps.files.PetstoreTestScripts@c05fddc]" started-at="2024-07-14T12:15:59 IST" name="stopReport" finished-at="2024-07-14T12:16:15 IST" duration-ms="15613" status="PASS">
          <reporter-output>
          </reporter-output>
        </test-method> <!-- stopReport -->
        <test-method signature="launch_petstore_url()[pri:2, instance:com.steps.files.PetstoreTestScripts@c05fddc]" started-at="2024-07-14T12:16:15 IST" name="launch_petstore_url" description="URL Launching" finished-at="2024-07-14T12:16:26 IST" duration-ms="11512" status="PASS">
          <reporter-output>
          </reporter-output>
        </test-method> <!-- launch_petstore_url -->
        <test-method is-config="true" signature="stopReport()[pri:0, instance:com.steps.files.PetstoreTestScripts@c05fddc]" started-at="2024-07-14T12:16:26 IST" name="stopReport" finished-at="2024-07-14T12:16:27 IST" duration-ms="917" status="PASS">
          <reporter-output>
          </reporter-output>
        </test-method> <!-- stopReport -->
        <test-method signature="click_on_sign_in_menu()[pri:3, instance:com.steps.files.PetstoreTestScripts@c05fddc]" started-at="2024-07-14T12:16:27 IST" name="click_on_sign_in_menu" finished-at="2024-07-14T12:16:31 IST" duration-ms="3671" status="PASS">
          <reporter-output>
          </reporter-output>
        </test-method> <!-- click_on_sign_in_menu -->
        <test-method is-config="true" signature="stopReport()[pri:0, instance:com.steps.files.PetstoreTestScripts@c05fddc]" started-at="2024-07-14T12:16:31 IST" name="stopReport" finished-at="2024-07-14T12:16:32 IST" duration-ms="507" status="PASS">
          <reporter-output>
          </reporter-output>
        </test-method> <!-- stopReport -->
        <test-method signature="enter_Petstore_username()[pri:4, instance:com.steps.files.PetstoreTestScripts@c05fddc]" started-at="2024-07-14T12:16:32 IST" name="enter_Petstore_username" finished-at="2024-07-14T12:16:34 IST" duration-ms="2466" status="PASS">
          <reporter-output>
          </reporter-output>
        </test-method> <!-- enter_Petstore_username -->
        <test-method is-config="true" signature="stopReport()[pri:0, instance:com.steps.files.PetstoreTestScripts@c05fddc]" started-at="2024-07-14T12:16:34 IST" name="stopReport" finished-at="2024-07-14T12:16:35 IST" duration-ms="730" status="PASS">
          <reporter-output>
          </reporter-output>
        </test-method> <!-- stopReport -->
        <test-method signature="enter_Petstore_password()[pri:5, instance:com.steps.files.PetstoreTestScripts@c05fddc]" started-at="2024-07-14T12:16:35 IST" name="enter_Petstore_password" finished-at="2024-07-14T12:16:35 IST" duration-ms="1" status="PASS">
          <reporter-output>
          </reporter-output>
        </test-method> <!-- enter_Petstore_password -->
        <test-method is-config="true" signature="stopReport()[pri:0, instance:com.steps.files.PetstoreTestScripts@c05fddc]" started-at="2024-07-14T12:16:35 IST" name="stopReport" finished-at="2024-07-14T12:16:36 IST" duration-ms="795" status="PASS">
          <reporter-output>
          </reporter-output>
        </test-method> <!-- stopReport -->
        <test-method signature="click_on_Petstore_login_button()[pri:6, instance:com.steps.files.PetstoreTestScripts@c05fddc]" started-at="2024-07-14T12:16:36 IST" name="click_on_Petstore_login_button" finished-at="2024-07-14T12:16:40 IST" duration-ms="4355" status="PASS">
          <reporter-output>
          </reporter-output>
        </test-method> <!-- click_on_Petstore_login_button -->
        <test-method is-config="true" signature="stopReport()[pri:0, instance:com.steps.files.PetstoreTestScripts@c05fddc]" started-at="2024-07-14T12:16:40 IST" name="stopReport" finished-at="2024-07-14T12:16:41 IST" duration-ms="705" status="PASS">
          <reporter-output>
          </reporter-output>
        </test-method> <!-- stopReport -->
        <test-method signature="validate_user_redirects_to_the_catalog_page()[pri:7, instance:com.steps.files.PetstoreTestScripts@c05fddc]" started-at="2024-07-14T12:16:41 IST" name="validate_user_redirects_to_the_catalog_page" finished-at="2024-07-14T12:16:42 IST" duration-ms="1142" status="PASS">
          <reporter-output>
          </reporter-output>
        </test-method> <!-- validate_user_redirects_to_the_catalog_page -->
        <test-method is-config="true" signature="stopReport()[pri:0, instance:com.steps.files.PetstoreTestScripts@c05fddc]" started-at="2024-07-14T12:16:42 IST" name="stopReport" finished-at="2024-07-14T12:16:42 IST" duration-ms="261" status="PASS">
          <reporter-output>
          </reporter-output>
        </test-method> <!-- stopReport -->
        <test-method signature="click_on_the_pet_item()[pri:8, instance:com.steps.files.PetstoreTestScripts@c05fddc]" started-at="2024-07-14T12:16:42 IST" name="click_on_the_pet_item" finished-at="2024-07-14T12:16:46 IST" duration-ms="4148" status="PASS">
          <reporter-output>
          </reporter-output>
        </test-method> <!-- click_on_the_pet_item -->
        <test-method is-config="true" signature="stopReport()[pri:0, instance:com.steps.files.PetstoreTestScripts@c05fddc]" started-at="2024-07-14T12:16:46 IST" name="stopReport" finished-at="2024-07-14T12:16:47 IST" duration-ms="833" status="PASS">
          <reporter-output>
          </reporter-output>
        </test-method> <!-- stopReport -->
        <test-method signature="click_on_the_product_id()[pri:9, instance:com.steps.files.PetstoreTestScripts@c05fddc]" started-at="2024-07-14T12:16:47 IST" name="click_on_the_product_id" finished-at="2024-07-14T12:16:51 IST" duration-ms="4059" status="PASS">
          <reporter-output>
          </reporter-output>
        </test-method> <!-- click_on_the_product_id -->
        <test-method is-config="true" signature="stopReport()[pri:0, instance:com.steps.files.PetstoreTestScripts@c05fddc]" started-at="2024-07-14T12:16:51 IST" name="stopReport" finished-at="2024-07-14T12:16:52 IST" duration-ms="513" status="PASS">
          <reporter-output>
          </reporter-output>
        </test-method> <!-- stopReport -->
        <test-method signature="click_on_add_to_cart()[pri:10, instance:com.steps.files.PetstoreTestScripts@c05fddc]" started-at="2024-07-14T12:16:52 IST" name="click_on_add_to_cart" finished-at="2024-07-14T12:16:57 IST" duration-ms="4940" status="PASS">
          <reporter-output>
          </reporter-output>
        </test-method> <!-- click_on_add_to_cart -->
        <test-method is-config="true" signature="stopReport()[pri:0, instance:com.steps.files.PetstoreTestScripts@c05fddc]" started-at="2024-07-14T12:16:57 IST" name="stopReport" finished-at="2024-07-14T12:16:58 IST" duration-ms="982" status="PASS">
          <reporter-output>
          </reporter-output>
        </test-method> <!-- stopReport -->
        <test-method signature="click_on_proceed_to_checkout()[pri:11, instance:com.steps.files.PetstoreTestScripts@c05fddc]" started-at="2024-07-14T12:16:58 IST" name="click_on_proceed_to_checkout" finished-at="2024-07-14T12:17:06 IST" duration-ms="8460" status="PASS">
          <reporter-output>
          </reporter-output>
        </test-method> <!-- click_on_proceed_to_checkout -->
        <test-method is-config="true" signature="stopReport()[pri:0, instance:com.steps.files.PetstoreTestScripts@c05fddc]" started-at="2024-07-14T12:17:06 IST" name="stopReport" finished-at="2024-07-14T12:17:09 IST" duration-ms="2792" status="PASS">
          <reporter-output>
          </reporter-output>
        </test-method> <!-- stopReport -->
        <test-method signature="click_on_ship_to_different_address()[pri:12, instance:com.steps.files.PetstoreTestScripts@c05fddc]" started-at="2024-07-14T12:17:09 IST" name="click_on_ship_to_different_address" finished-at="2024-07-14T12:17:11 IST" duration-ms="1741" status="PASS">
          <reporter-output>
          </reporter-output>
        </test-method> <!-- click_on_ship_to_different_address -->
        <test-method is-config="true" signature="stopReport()[pri:0, instance:com.steps.files.PetstoreTestScripts@c05fddc]" started-at="2024-07-14T12:17:11 IST" name="stopReport" finished-at="2024-07-14T12:17:11 IST" duration-ms="113" status="PASS">
          <reporter-output>
          </reporter-output>
        </test-method> <!-- stopReport -->
        <test-method signature="click_on_customer_details_continue_button()[pri:13, instance:com.steps.files.PetstoreTestScripts@c05fddc]" started-at="2024-07-14T12:17:11 IST" name="click_on_customer_details_continue_button" finished-at="2024-07-14T12:17:15 IST" duration-ms="3657" status="PASS">
          <reporter-output>
          </reporter-output>
        </test-method> <!-- click_on_customer_details_continue_button -->
        <test-method is-config="true" signature="stopReport()[pri:0, instance:com.steps.files.PetstoreTestScripts@c05fddc]" started-at="2024-07-14T12:17:15 IST" name="stopReport" finished-at="2024-07-14T12:17:15 IST" duration-ms="575" status="PASS">
          <reporter-output>
          </reporter-output>
        </test-method> <!-- stopReport -->
        <test-method signature="user_enter_customer_details()[pri:14, instance:com.steps.files.PetstoreTestScripts@c05fddc]" started-at="2024-07-14T12:17:15 IST" name="user_enter_customer_details" finished-at="2024-07-14T12:19:48 IST" duration-ms="152665" status="PASS">
          <reporter-output>
          </reporter-output>
        </test-method> <!-- user_enter_customer_details -->
        <test-method is-config="true" signature="stopReport()[pri:0, instance:com.steps.files.PetstoreTestScripts@c05fddc]" started-at="2024-07-14T12:19:48 IST" name="stopReport" finished-at="2024-07-14T12:19:49 IST" duration-ms="910" status="PASS">
          <reporter-output>
          </reporter-output>
        </test-method> <!-- stopReport -->
        <test-method signature="click_on_shipping_address_continue_button()[pri:15, instance:com.steps.files.PetstoreTestScripts@c05fddc]" started-at="2024-07-14T12:19:49 IST" name="click_on_shipping_address_continue_button" description="Click on Shipping Address Continue button" finished-at="2024-07-14T12:19:55 IST" duration-ms="5812" status="PASS">
          <reporter-output>
          </reporter-output>
        </test-method> <!-- click_on_shipping_address_continue_button -->
        <test-method is-config="true" signature="stopReport()[pri:0, instance:com.steps.files.PetstoreTestScripts@c05fddc]" started-at="2024-07-14T12:19:55 IST" name="stopReport" finished-at="2024-07-14T12:19:56 IST" duration-ms="1081" status="PASS">
          <reporter-output>
          </reporter-output>
        </test-method> <!-- stopReport -->
        <test-method signature="click_on_confirm_button()[pri:16, instance:com.steps.files.PetstoreTestScripts@c05fddc]" started-at="2024-07-14T12:19:56 IST" name="click_on_confirm_button" description="Click on Confirm button" finished-at="2024-07-14T12:20:04 IST" duration-ms="8506" status="PASS">
          <reporter-output>
          </reporter-output>
        </test-method> <!-- click_on_confirm_button -->
        <test-method is-config="true" signature="stopReport()[pri:0, instance:com.steps.files.PetstoreTestScripts@c05fddc]" started-at="2024-07-14T12:20:04 IST" name="stopReport" finished-at="2024-07-14T12:20:05 IST" duration-ms="565" status="PASS">
          <reporter-output>
          </reporter-output>
        </test-method> <!-- stopReport -->
        <test-method signature="validate_order_id_generated()[pri:17, instance:com.steps.files.PetstoreTestScripts@c05fddc]" started-at="2024-07-14T12:20:05 IST" name="validate_order_id_generated" description="Validate order ID generated" finished-at="2024-07-14T12:20:18 IST" duration-ms="13304" status="PASS">
          <reporter-output>
          </reporter-output>
        </test-method> <!-- validate_order_id_generated -->
        <test-method is-config="true" signature="stopReport()[pri:0, instance:com.steps.files.PetstoreTestScripts@c05fddc]" started-at="2024-07-14T12:20:18 IST" name="stopReport" finished-at="2024-07-14T12:20:24 IST" duration-ms="6164" status="PASS">
          <reporter-output>
          </reporter-output>
        </test-method> <!-- stopReport -->
      </class> <!-- com.steps.files.PetstoreTestScripts -->
    </test> <!-- Test -->
  </suite> <!-- Suite -->
</testng-results>
