<?xml version="1.0" encoding="UTF-8"?>
<testsuite xmlns:xsi="http://www.w3.org/2001/XMLSchema-instance" xsi:noNamespaceSchemaLocation="https://maven.apache.org/surefire/maven-surefire-plugin/xsd/surefire-test-report-3.0.xsd" version="3.0" name="TestSuite" time="389.924" tests="17" errors="0" skipped="0" failures="0">
  <properties>
[...]
</properties>
  <testcase name="open_the_Chrome_browser" classname="com.steps.files.PetstoreTestScripts" time="62.949">
    <system-err><![CDATA[SLF4J: Failed to load class "org.slf4j.impl.StaticLoggerBinder".
SLF4J: Defaulting to no-operation (NOP) logger implementation
SLF4J: See http://www.slf4j.org/codes.html#StaticLoggerBinder for further details.
Jul 14, 2024 12:15:57 PM org.openqa.selenium.devtools.CdpVersionFinder findNearestMatch
WARNING: Unable to find CDP implementation matching 126
Jul 14, 2024 12:15:57 PM org.openqa.selenium.chromium.ChromiumDriver lambda$new$5
WARNING: Unable to find version of CDP to use for 126.0.6478.127. You may need to include a dependency on a specific version of the CDP using something similar to `org.seleniumhq.selenium:selenium-devtools-v86:4.17.0` where the version ("v86") matches the version of the chromium-based browser you're using and the version number of the artifact is the same as Selenium's.
]]></system-err>
  </testcase>
  <testcase name="launch_petstore_url" classname="com.steps.files.PetstoreTestScripts" time="11.567"/>
  <testcase name="click_on_sign_in_menu" classname="com.steps.files.PetstoreTestScripts" time="3.681"/>
  <testcase name="enter_Petstore_username" classname="com.steps.files.PetstoreTestScripts" time="2.423"/>
  <testcase name="enter_Petstore_password" classname="com.steps.files.PetstoreTestScripts" time="0.007"/>
  <testcase name="click_on_Petstore_login_button" classname="com.steps.files.PetstoreTestScripts" time="4.355"/>
  <testcase name="validate_user_redirects_to_the_catalog_page" classname="com.steps.files.PetstoreTestScripts" time="1.402">
    <system-out><![CDATA[User Succesfully logged in
]]></system-out>
  </testcase>
  <testcase name="click_on_the_pet_item" classname="com.steps.files.PetstoreTestScripts" time="4.078"/>
  <testcase name="click_on_the_product_id" classname="com.steps.files.PetstoreTestScripts" time="4.084"/>
  <testcase name="click_on_add_to_cart" classname="com.steps.files.PetstoreTestScripts" time="4.943"/>
  <testcase name="click_on_proceed_to_checkout" classname="com.steps.files.PetstoreTestScripts" time="8.511"/>
  <testcase name="click_on_ship_to_different_address" classname="com.steps.files.PetstoreTestScripts" time="1.744"/>
  <testcase name="click_on_customer_details_continue_button" classname="com.steps.files.PetstoreTestScripts" time="3.662"/>
  <testcase name="user_enter_customer_details" classname="com.steps.files.PetstoreTestScripts" time="152.66"/>
  <testcase name="click_on_shipping_address_continue_button" classname="com.steps.files.PetstoreTestScripts" time="5.789"/>
  <testcase name="click_on_confirm_button" classname="com.steps.files.PetstoreTestScripts" time="8.507"/>
  <testcase name="validate_order_id_generated" classname="com.steps.files.PetstoreTestScripts" time="17.056">
    <system-out><![CDATA[Your Purchased Order # is: Order #2407 2024/07/14 06:47:03
D:\Senthil Don't Delete\Project Class\PetStore-Project/ExtentReports/
D:\Senthil Don't Delete\Project Class\PetStore-Project/ExtentReports/14072024122007.png
]]></system-out>
  </testcase>
</testsuite>