<?xml version="1.0" encoding="UTF-8"?>
<testng-results ignored="0" total="17" passed="17" failed="0" skipped="0">
  <reporter-output>
  </reporter-output>
  <suite started-at="2024-07-14T12:00:28 IST" name="Suite" finished-at="2024-07-14T12:01:23 IST" duration-ms="55002">
    <groups>
    </groups>
    <test started-at="2024-07-14T12:00:28 IST" name="Test" finished-at="2024-07-14T12:01:23 IST" duration-ms="55002">
      <class name="com.steps.files.PetstoreTestScripts">
        <test-method is-config="true" signature="report()[pri:0, instance:com.steps.files.PetstoreTestScripts@565f390]" started-at="2024-07-14T12:00:25 IST" name="report" finished-at="2024-07-14T12:00:28 IST" duration-ms="3098" status="PASS">
          <reporter-output>
          </reporter-output>
        </test-method> <!-- report -->
        <test-method signature="open_the_Chrome_browser()[pri:1, instance:com.steps.files.PetstoreTestScripts@565f390]" started-at="2024-07-14T12:00:29 IST" name="open_the_Chrome_browser" description="Browser opening" finished-at="2024-07-14T12:00:43 IST" duration-ms="14570" status="PASS">
          <reporter-output>
          </reporter-output>
        </test-method> <!-- open_the_Chrome_browser -->
        <test-method is-config="true" signature="stopReport()[pri:0, instance:com.steps.files.PetstoreTestScripts@565f390]" started-at="2024-07-14T12:00:43 IST" name="stopReport" finished-at="2024-07-14T12:00:47 IST" duration-ms="3318" status="PASS">
          <reporter-output>
          </reporter-output>
        </test-method> <!-- stopReport -->
        <test-method signature="launch_petstore_url()[pri:2, instance:com.steps.files.PetstoreTestScripts@565f390]" started-at="2024-07-14T12:00:47 IST" name="launch_petstore_url" description="URL Launching" finished-at="2024-07-14T12:00:49 IST" duration-ms="2400" status="PASS">
          <reporter-output>
          </reporter-output>
        </test-method> <!-- launch_petstore_url -->
        <test-method is-config="true" signature="stopReport()[pri:0, instance:com.steps.files.PetstoreTestScripts@565f390]" started-at="2024-07-14T12:00:49 IST" name="stopReport" finished-at="2024-07-14T12:00:49 IST" duration-ms="103" status="PASS">
          <reporter-output>
          </reporter-output>
        </test-method> <!-- stopReport -->
        <test-method signature="click_on_sign_in_menu()[pri:3, instance:com.steps.files.PetstoreTestScripts@565f390]" started-at="2024-07-14T12:00:49 IST" name="click_on_sign_in_menu" finished-at="2024-07-14T12:00:50 IST" duration-ms="957" status="PASS">
          <reporter-output>
          </reporter-output>
        </test-method> <!-- click_on_sign_in_menu -->
        <test-method is-config="true" signature="stopReport()[pri:0, instance:com.steps.files.PetstoreTestScripts@565f390]" started-at="2024-07-14T12:00:50 IST" name="stopReport" finished-at="2024-07-14T12:00:50 IST" duration-ms="259" status="PASS">
          <reporter-output>
          </reporter-output>
        </test-method> <!-- stopReport -->
        <test-method signature="enter_Petstore_username()[pri:4, instance:com.steps.files.PetstoreTestScripts@565f390]" started-at="2024-07-14T12:00:50 IST" name="enter_Petstore_username" finished-at="2024-07-14T12:00:51 IST" duration-ms="553" status="PASS">
          <reporter-output>
          </reporter-output>
        </test-method> <!-- enter_Petstore_username -->
        <test-method is-config="true" signature="stopReport()[pri:0, instance:com.steps.files.PetstoreTestScripts@565f390]" started-at="2024-07-14T12:00:51 IST" name="stopReport" finished-at="2024-07-14T12:00:51 IST" duration-ms="430" status="PASS">
          <reporter-output>
          </reporter-output>
        </test-method> <!-- stopReport -->
        <test-method signature="enter_Petstore_password()[pri:5, instance:com.steps.files.PetstoreTestScripts@565f390]" started-at="2024-07-14T12:00:51 IST" name="enter_Petstore_password" finished-at="2024-07-14T12:00:51 IST" duration-ms="9" status="PASS">
          <reporter-output>
          </reporter-output>
        </test-method> <!-- enter_Petstore_password -->
        <test-method is-config="true" signature="stopReport()[pri:0, instance:com.steps.files.PetstoreTestScripts@565f390]" started-at="2024-07-14T12:00:51 IST" name="stopReport" finished-at="2024-07-14T12:00:52 IST" duration-ms="91" status="PASS">
          <reporter-output>
          </reporter-output>
        </test-method> <!-- stopReport -->
        <test-method signature="click_on_Petstore_login_button()[pri:6, instance:com.steps.files.PetstoreTestScripts@565f390]" started-at="2024-07-14T12:00:52 IST" name="click_on_Petstore_login_button" finished-at="2024-07-14T12:00:53 IST" duration-ms="1211" status="PASS">
          <reporter-output>
          </reporter-output>
        </test-method> <!-- click_on_Petstore_login_button -->
        <test-method is-config="true" signature="stopReport()[pri:0, instance:com.steps.files.PetstoreTestScripts@565f390]" started-at="2024-07-14T12:00:53 IST" name="stopReport" finished-at="2024-07-14T12:00:53 IST" duration-ms="143" status="PASS">
          <reporter-output>
          </reporter-output>
        </test-method> <!-- stopReport -->
        <test-method signature="validate_user_redirects_to_the_catalog_page()[pri:7, instance:com.steps.files.PetstoreTestScripts@565f390]" started-at="2024-07-14T12:00:53 IST" name="validate_user_redirects_to_the_catalog_page" finished-at="2024-07-14T12:00:53 IST" duration-ms="572" status="PASS">
          <reporter-output>
          </reporter-output>
        </test-method> <!-- validate_user_redirects_to_the_catalog_page -->
        <test-method is-config="true" signature="stopReport()[pri:0, instance:com.steps.files.PetstoreTestScripts@565f390]" started-at="2024-07-14T12:00:54 IST" name="stopReport" finished-at="2024-07-14T12:00:54 IST" duration-ms="91" status="PASS">
          <reporter-output>
          </reporter-output>
        </test-method> <!-- stopReport -->
        <test-method signature="click_on_the_pet_item()[pri:8, instance:com.steps.files.PetstoreTestScripts@565f390]" started-at="2024-07-14T12:00:54 IST" name="click_on_the_pet_item" finished-at="2024-07-14T12:00:55 IST" duration-ms="1005" status="PASS">
          <reporter-output>
          </reporter-output>
        </test-method> <!-- click_on_the_pet_item -->
        <test-method is-config="true" signature="stopReport()[pri:0, instance:com.steps.files.PetstoreTestScripts@565f390]" started-at="2024-07-14T12:00:55 IST" name="stopReport" finished-at="2024-07-14T12:00:55 IST" duration-ms="280" status="PASS">
          <reporter-output>
          </reporter-output>
        </test-method> <!-- stopReport -->
        <test-method signature="click_on_the_product_id()[pri:9, instance:com.steps.files.PetstoreTestScripts@565f390]" started-at="2024-07-14T12:00:55 IST" name="click_on_the_product_id" finished-at="2024-07-14T12:00:56 IST" duration-ms="885" status="PASS">
          <reporter-output>
          </reporter-output>
        </test-method> <!-- click_on_the_product_id -->
        <test-method is-config="true" signature="stopReport()[pri:0, instance:com.steps.files.PetstoreTestScripts@565f390]" started-at="2024-07-14T12:00:56 IST" name="stopReport" finished-at="2024-07-14T12:00:56 IST" duration-ms="97" status="PASS">
          <reporter-output>
          </reporter-output>
        </test-method> <!-- stopReport -->
        <test-method signature="click_on_add_to_cart()[pri:10, instance:com.steps.files.PetstoreTestScripts@565f390]" started-at="2024-07-14T12:00:56 IST" name="click_on_add_to_cart" finished-at="2024-07-14T12:00:57 IST" duration-ms="1475" status="PASS">
          <reporter-output>
          </reporter-output>
        </test-method> <!-- click_on_add_to_cart -->
        <test-method is-config="true" signature="stopReport()[pri:0, instance:com.steps.files.PetstoreTestScripts@565f390]" started-at="2024-07-14T12:00:57 IST" name="stopReport" finished-at="2024-07-14T12:00:58 IST" duration-ms="351" status="PASS">
          <reporter-output>
          </reporter-output>
        </test-method> <!-- stopReport -->
        <test-method signature="click_on_proceed_to_checkout()[pri:11, instance:com.steps.files.PetstoreTestScripts@565f390]" started-at="2024-07-14T12:00:58 IST" name="click_on_proceed_to_checkout" finished-at="2024-07-14T12:00:59 IST" duration-ms="1667" status="PASS">
          <reporter-output>
          </reporter-output>
        </test-method> <!-- click_on_proceed_to_checkout -->
        <test-method is-config="true" signature="stopReport()[pri:0, instance:com.steps.files.PetstoreTestScripts@565f390]" started-at="2024-07-14T12:00:59 IST" name="stopReport" finished-at="2024-07-14T12:01:00 IST" duration-ms="156" status="PASS">
          <reporter-output>
          </reporter-output>
        </test-method> <!-- stopReport -->
        <test-method signature="click_on_ship_to_different_address()[pri:12, instance:com.steps.files.PetstoreTestScripts@565f390]" started-at="2024-07-14T12:01:00 IST" name="click_on_ship_to_different_address" finished-at="2024-07-14T12:01:01 IST" duration-ms="1559" status="PASS">
          <reporter-output>
          </reporter-output>
        </test-method> <!-- click_on_ship_to_different_address -->
        <test-method is-config="true" signature="stopReport()[pri:0, instance:com.steps.files.PetstoreTestScripts@565f390]" started-at="2024-07-14T12:01:01 IST" name="stopReport" finished-at="2024-07-14T12:01:01 IST" duration-ms="122" status="PASS">
          <reporter-output>
          </reporter-output>
        </test-method> <!-- stopReport -->
        <test-method signature="click_on_customer_details_continue_button()[pri:13, instance:com.steps.files.PetstoreTestScripts@565f390]" started-at="2024-07-14T12:01:01 IST" name="click_on_customer_details_continue_button" finished-at="2024-07-14T12:01:03 IST" duration-ms="1308" status="PASS">
          <reporter-output>
          </reporter-output>
        </test-method> <!-- click_on_customer_details_continue_button -->
        <test-method is-config="true" signature="stopReport()[pri:0, instance:com.steps.files.PetstoreTestScripts@565f390]" started-at="2024-07-14T12:01:03 IST" name="stopReport" finished-at="2024-07-14T12:01:03 IST" duration-ms="344" status="PASS">
          <reporter-output>
          </reporter-output>
        </test-method> <!-- stopReport -->
        <test-method signature="user_enter_customer_details()[pri:14, instance:com.steps.files.PetstoreTestScripts@565f390]" started-at="2024-07-14T12:01:03 IST" name="user_enter_customer_details" finished-at="2024-07-14T12:01:17 IST" duration-ms="14244" status="PASS">
          <reporter-output>
          </reporter-output>
        </test-method> <!-- user_enter_customer_details -->
        <test-method is-config="true" signature="stopReport()[pri:0, instance:com.steps.files.PetstoreTestScripts@565f390]" started-at="2024-07-14T12:01:17 IST" name="stopReport" finished-at="2024-07-14T12:01:17 IST" duration-ms="224" status="PASS">
          <reporter-output>
          </reporter-output>
        </test-method> <!-- stopReport -->
        <test-method signature="click_on_shipping_address_continue_button()[pri:15, instance:com.steps.files.PetstoreTestScripts@565f390]" started-at="2024-07-14T12:01:17 IST" name="click_on_shipping_address_continue_button" description="Click on Shipping Address Continue button" finished-at="2024-07-14T12:01:19 IST" duration-ms="1395" status="PASS">
          <reporter-output>
          </reporter-output>
        </test-method> <!-- click_on_shipping_address_continue_button -->
        <test-method is-config="true" signature="stopReport()[pri:0, instance:com.steps.files.PetstoreTestScripts@565f390]" started-at="2024-07-14T12:01:19 IST" name="stopReport" finished-at="2024-07-14T12:01:19 IST" duration-ms="77" status="PASS">
          <reporter-output>
          </reporter-output>
        </test-method> <!-- stopReport -->
        <test-method signature="click_on_confirm_button()[pri:16, instance:com.steps.files.PetstoreTestScripts@565f390]" started-at="2024-07-14T12:01:19 IST" name="click_on_confirm_button" description="Click on Confirm button" finished-at="2024-07-14T12:01:21 IST" duration-ms="1898" status="PASS">
          <reporter-output>
          </reporter-output>
        </test-method> <!-- click_on_confirm_button -->
        <test-method is-config="true" signature="stopReport()[pri:0, instance:com.steps.files.PetstoreTestScripts@565f390]" started-at="2024-07-14T12:01:21 IST" name="stopReport" finished-at="2024-07-14T12:01:21 IST" duration-ms="216" status="PASS">
          <reporter-output>
          </reporter-output>
        </test-method> <!-- stopReport -->
        <test-method signature="validate_order_id_generated()[pri:17, instance:com.steps.files.PetstoreTestScripts@565f390]" started-at="2024-07-14T12:01:21 IST" name="validate_order_id_generated" description="Validate order ID generated" finished-at="2024-07-14T12:01:22 IST" duration-ms="1272" status="PASS">
          <reporter-output>
          </reporter-output>
        </test-method> <!-- validate_order_id_generated -->
        <test-method is-config="true" signature="stopReport()[pri:0, instance:com.steps.files.PetstoreTestScripts@565f390]" started-at="2024-07-14T12:01:22 IST" name="stopReport" finished-at="2024-07-14T12:01:23 IST" duration-ms="552" status="PASS">
          <reporter-output>
          </reporter-output>
        </test-method> <!-- stopReport -->
      </class> <!-- com.steps.files.PetstoreTestScripts -->
    </test> <!-- Test -->
  </suite> <!-- Suite -->
</testng-results>
